   Resolving package versions...
    Updating `/storage/work/jxc6747/CCIS/ShortColumn/Project.toml`
  [c7e460c6] + ArgParse v1.2.0
  [a9c8d775] + CPUTime v1.0.0
  [336ed68f] + CSV v0.10.16
  [a93c6f00] + DataFrames v1.8.1
  [31c24e10] + Distributions v0.25.123
  [4076af6c] + JuMP v1.30.0
  [6405355b] + Mosek v11.0.1
  [1ec41992] + MosekTools v0.15.10
    Updating `/storage/work/jxc6747/CCIS/ShortColumn/Manifest.toml`
  [66dad0bd] + AliasTables v1.1.3
  [c7e460c6] + ArgParse v1.2.0
  [6e4b80f9] + BenchmarkTools v1.6.3
  [a9c8d775] + CPUTime v1.0.0
  [336ed68f] + CSV v0.10.16
  [523fee87] + CodecBzip2 v0.8.5
  [944b1d66] + CodecZlib v0.7.8
  [bbf7d656] + CommonSubexpressions v0.3.1
  [34da2185] + Compat v4.18.1
  [a8cc5b0e] + Crayons v4.1.1
  [9a962f9c] + DataAPI v1.16.0
  [a93c6f00] + DataFrames v1.8.1
  [864edb3b] + DataStructures v0.19.3
  [e2d170a0] + DataValueInterfaces v1.0.0
  [163ba53b] + DiffResults v1.1.0
  [b552c78f] + DiffRules v1.15.1
  [31c24e10] + Distributions v0.25.123
  [ffbed154] + DocStringExtensions v0.9.5
  [48062228] + FilePathsBase v0.9.24
  [1a297f60] + FillArrays v1.16.0
  [f6369f11] + ForwardDiff v1.3.2
  [34004b35] + HypergeometricFunctions v0.3.28
  [842dd82b] + InlineStrings v1.4.5
  [41ab1584] + InvertedIndices v1.3.1
  [92d709cd] + IrrationalConstants v0.2.6
  [82899510] + IteratorInterfaceExtensions v1.0.0
  [692b3bcd] + JLLWrappers v1.7.1
  [682c06a0] + JSON v1.4.0
  [4076af6c] + JuMP v1.30.0
  [b964fa9f] + LaTeXStrings v1.4.0
  [2ab3a3ac] + LogExpFunctions v0.3.29
  [1914dd2f] + MacroTools v0.5.16
  [b8f27783] + MathOptInterface v1.49.0
  [e1d29d7a] + Missings v1.2.0
  [6405355b] + Mosek v11.0.1
  [1ec41992] + MosekTools v0.15.10
  [d8a4904e] + MutableArithmetics v1.6.7
  [77ba4419] + NaNMath v1.1.3
  [bac558e1] + OrderedCollections v1.8.1
  [90014a1f] + PDMats v0.11.37
  [69de0a69] + Parsers v2.8.3
  [2dfb63ee] + PooledArrays v1.4.3
⌅ [aea7be01] + PrecompileTools v1.2.1
  [21216c6a] + Preferences v1.5.2
  [08abe8d2] + PrettyTables v3.2.3
  [43287f4e] + PtrArrays v1.4.0
  [1fd47b50] + QuadGK v2.11.2
  [189a3867] + Reexport v1.2.2
  [79098fc4] + Rmath v0.9.0
  [91c51154] + SentinelArrays v1.4.9
  [a2af1166] + SortingAlgorithms v1.2.2
  [276daf66] + SpecialFunctions v2.7.1
  [1e83bf80] + StaticArraysCore v1.4.4
  [10745b16] + Statistics v1.11.1
  [82ae8749] + StatsAPI v1.8.0
  [2913bbd2] + StatsBase v0.34.10
  [4c63d2b9] + StatsFuns v1.5.2
  [892a3eda] + StringManipulation v0.4.4
  [ec057cc2] + StructUtils v2.6.3
  [3783bdb8] + TableTraits v1.0.1
  [bd369af6] + Tables v1.12.1
  [b718987f] + TextWrap v1.0.2
  [3bb67fe8] + TranscodingStreams v0.11.3
  [ea10d353] + WeakRefStrings v1.4.2
  [76eceee3] + WorkerUtilities v1.6.1
  [6e34b625] + Bzip2_jll v1.0.9+0
  [efe28fd5] + OpenSpecFun_jll v0.5.6+0
  [f50d1b31] + Rmath_jll v0.5.1+0
  [0dad84c5] + ArgTools v1.1.2
  [56f22d72] + Artifacts v1.11.0
  [2a0f44e3] + Base64 v1.11.0
  [ade2ca70] + Dates v1.11.0
  [f43a241f] + Downloads v1.6.0
  [7b1f6079] + FileWatching v1.11.0
  [9fa8497b] + Future v1.11.0
  [b77e0a4c] + InteractiveUtils v1.11.0
  [b27032c2] + LibCURL v0.6.4
  [76f85450] + LibGit2 v1.11.0
  [8f399da3] + Libdl v1.11.0
  [37e2e46d] + LinearAlgebra v1.11.0
  [56ddb016] + Logging v1.11.0
  [d6f4376e] + Markdown v1.11.0
  [a63ad114] + Mmap v1.11.0
  [ca575930] + NetworkOptions v1.2.0
  [44cfe95a] + Pkg v1.11.0
  [de0858da] + Printf v1.11.0
  [9abbd945] + Profile v1.11.0
  [3fa0cd96] + REPL v1.11.0
  [9a3f8284] + Random v1.11.0
  [ea8e919c] + SHA v0.7.0
  [9e88b42a] + Serialization v1.11.0
  [6462fe0b] + Sockets v1.11.0
  [2f01184e] + SparseArrays v1.11.0
  [f489334b] + StyledStrings v1.11.0
  [4607b0f0] + SuiteSparse
  [fa267f1f] + TOML v1.0.3
  [a4e569a6] + Tar v1.10.0
  [8dfed614] + Test v1.11.0
  [cf7118a7] + UUIDs v1.11.0
  [4ec0a83e] + Unicode v1.11.0
  [e66e0078] + CompilerSupportLibraries_jll v1.1.1+0
  [deac9b47] + LibCURL_jll v8.6.0+0
  [e37daf67] + LibGit2_jll v1.7.2+0
  [29816b5a] + LibSSH2_jll v1.11.0+1
  [c8ffd9c3] + MbedTLS_jll v2.28.6+0
  [14a3606d] + MozillaCACerts_jll v2023.12.12
  [4536629a] + OpenBLAS_jll v0.3.27+1
  [05823500] + OpenLibm_jll v0.8.1+2
  [bea87d4a] + SuiteSparse_jll v7.7.0+0
  [83775a58] + Zlib_jll v1.2.13+1
  [8e850b90] + libblastrampoline_jll v5.11.0+0
  [8e850ede] + nghttp2_jll v1.59.0+0
  [3f19e933] + p7zip_jll v17.4.0+2
        Info Packages marked with ⌅ have new versions available but compatibility constraints restrict them from upgrading. To see why use `status --outdated -m`
Precompiling project...
┌ Warning: attempting to remove probably stale pidfile
│   path = "/storage/home/jxc6747/.julia/depot/compiled/v1.11/REPL/u0gqU_zsYT8.ji.pidfile"
└ @ FileWatching.Pidfile /storage/icds/RISE/sw8/julia/julia-1.11.2/share/julia/stdlib/v1.11/FileWatching/src/pidfile.jl:249
┌ Warning: attempting to remove probably stale pidfile
│   path = "/storage/home/jxc6747/.julia/depot/compiled/v1.11/JuMP/DmXqY_zsYT8.ji.pidfile"
└ @ FileWatching.Pidfile /storage/icds/RISE/sw8/julia/julia-1.11.2/share/julia/stdlib/v1.11/FileWatching/src/pidfile.jl:249
  43041.2 ms  ✓ JuMP
  97104.9 ms  ✓ REPL
┌ Warning: attempting to remove probably stale pidfile
│   path = "/storage/home/jxc6747/.julia/depot/compiled/v1.11/PrettyTables/kRdcL_zsYT8.ji.pidfile"
└ @ FileWatching.Pidfile /storage/icds/RISE/sw8/julia/julia-1.11.2/share/julia/stdlib/v1.11/FileWatching/src/pidfile.jl:249
┌ Warning: attempting to remove probably stale pidfile
│   path = "/storage/home/jxc6747/.julia/depot/compiled/v1.11/REPLExt/m7ggP_zsYT8.ji.pidfile"
└ @ FileWatching.Pidfile /storage/icds/RISE/sw8/julia/julia-1.11.2/share/julia/stdlib/v1.11/FileWatching/src/pidfile.jl:249
  17687.3 ms  ✓ Pkg → REPLExt
  54698.1 ms  ✓ PrettyTables
  59194.9 ms  ✓ DataFrames
  5 dependencies successfully precompiled in 213 seconds. 111 already precompiled.
Precompilation complete!
